<?xml version="1.0" encoding="UTF-8"?>
<testng-results ignored="0" total="1" passed="1" failed="0" skipped="0">
  <reporter-output>
  </reporter-output>
  <suite started-at="2025-07-27T23:42:23 IST" name="Default suite" finished-at="2025-07-27T23:42:38 IST" duration-ms="15026">
    <groups>
    </groups>
    <test started-at="2025-07-27T23:42:23 IST" name="Default test" finished-at="2025-07-27T23:42:38 IST" duration-ms="15026">
      <class name="testCases.TC002_AddingNewEmployee">
        <test-method is-config="true" signature="setup()[pri:0, instance:testCases.TC002_AddingNewEmployee@33bc72d1]" started-at="2025-07-27T23:42:24 IST" name="setup" finished-at="2025-07-27T23:42:31 IST" duration-ms="7231" status="PASS">
          <reporter-output>
          </reporter-output>
        </test-method> <!-- setup -->
        <test-method signature="AddingNewEmployee()[pri:0, instance:testCases.TC002_AddingNewEmployee@33bc72d1]" started-at="2025-07-27T23:42:31 IST" name="AddingNewEmployee" finished-at="2025-07-27T23:42:38 IST" duration-ms="7248" status="PASS">
          <reporter-output>
          </reporter-output>
        </test-method> <!-- AddingNewEmployee -->
        <test-method is-config="true" signature="teardown()[pri:0, instance:testCases.TC002_AddingNewEmployee@33bc72d1]" started-at="2025-07-27T23:42:38 IST" name="teardown" finished-at="2025-07-27T23:42:38 IST" duration-ms="421" status="PASS">
          <reporter-output>
          </reporter-output>
        </test-method> <!-- teardown -->
      </class> <!-- testCases.TC002_AddingNewEmployee -->
    </test> <!-- Default test -->
  </suite> <!-- Default suite -->
</testng-results>
