<?xml version="1.0" encoding="UTF-8"?>
<testng-results ignored="0" total="1" passed="1" failed="0" skipped="0">
  <reporter-output>
  </reporter-output>
  <suite started-at="2025-07-29T16:09:48 IST" name="Default suite" finished-at="2025-07-29T16:09:59 IST" duration-ms="11304">
    <groups>
    </groups>
    <test started-at="2025-07-29T16:09:48 IST" name="Default test" finished-at="2025-07-29T16:09:59 IST" duration-ms="11304">
      <class name="testCases.TC003_SearchingEmployeeTest">
        <test-method is-config="true" signature="setup()[pri:0, instance:testCases.TC003_SearchingEmployeeTest@33bc72d1]" started-at="2025-07-29T16:09:48 IST" name="setup" finished-at="2025-07-29T16:09:53 IST" duration-ms="4709" status="PASS">
          <reporter-output>
          </reporter-output>
        </test-method> <!-- setup -->
        <test-method signature="SearchingEmployee()[pri:0, instance:testCases.TC003_SearchingEmployeeTest@33bc72d1]" started-at="2025-07-29T16:09:53 IST" name="SearchingEmployee" finished-at="2025-07-29T16:09:59 IST" duration-ms="6279" status="PASS">
          <reporter-output>
          </reporter-output>
        </test-method> <!-- SearchingEmployee -->
        <test-method is-config="true" signature="teardown()[pri:0, instance:testCases.TC003_SearchingEmployeeTest@33bc72d1]" started-at="2025-07-29T16:09:59 IST" name="teardown" finished-at="2025-07-29T16:09:59 IST" duration-ms="250" status="PASS">
          <reporter-output>
          </reporter-output>
        </test-method> <!-- teardown -->
      </class> <!-- testCases.TC003_SearchingEmployeeTest -->
    </test> <!-- Default test -->
  </suite> <!-- Default suite -->
</testng-results>
